#
# There is insufficient memory for the Java Runtime Environment to continue.
# Native memory allocation (mmap) failed to map 268435456 bytes for G1 virtual space
# Possible reasons:
#   The system is out of physical RAM or swap space
#   The process is running with CompressedOops enabled, and the Java Heap may be blocking the growth of the native heap
# Possible solutions:
#   Reduce memory load on the system
#   Increase physical memory or swap space
#   Check if swap backing store is full
#   Decrease Java heap size (-Xmx/-Xms)
#   Decrease number of Java threads
#   Decrease Java thread stack sizes (-Xss)
#   Set larger code cache with -XX:ReservedCodeCacheSize=
#   JVM is running with Zero Based Compressed Oops mode in which the Java heap is
#     placed in the first 32GB address space. The Java Heap base address is the
#     maximum limit for the native heap growth. Please use -XX:HeapBaseMinAddress
#     to set the Java Heap base and to place the Java Heap above 32GB virtual address.
# This output file may be truncated or incomplete.
#
#  Out of Memory Error (os_windows.cpp:3557), pid=20244, tid=19712
#
# JRE version:  (17.0.6+10) (build )
# Java VM: OpenJDK 64-Bit Server VM (17.0.6+10, mixed mode, emulated-client, sharing, tiered, compressed oops, compressed class ptrs, g1 gc, windows-amd64)
# No core dump will be written. Minidumps are not enabled by default on client versions of Windows
#

---------------  S U M M A R Y ------------

Command Line: -Dcom.sun.management.jmxremote -Dcom.sun.management.jmxremote.port=62986 -Dcom.sun.management.jmxremote.authenticate=false -Dcom.sun.management.jmxremote.ssl=false -Djava.rmi.server.hostname=localhost -Dspring.jmx.enabled=true -Dmanagement.endpoints.jmx.exposure.include=* -Dspring.application.admin.enabled=true -XX:TieredStopAtLevel=1 -Dspring.boot.project.name=jeep-sales -Dfile.encoding=UTF-8 -XX:+ShowCodeDetailsInExceptionMessages com.promineotech.jeep.JeepSales --spring.output.ansi.enabled=always

Host: AMD Ryzen 7 2700X Eight-Core Processor         , 16 cores, 15G,  Windows 10 , 64 bit Build 19041 (10.0.19041.2546)
Time: Mon Apr  3 20:14:21 2023 Eastern Daylight Time elapsed time: 0.012702 seconds (0d 0h 0m 0s)

---------------  T H R E A D  ---------------

Current thread (0x00000282826d8390):  JavaThread "Unknown thread" [_thread_in_vm, id=19712, stack(0x00000082eb200000,0x00000082eb300000)]

Stack: [0x00000082eb200000,0x00000082eb300000]
Native frames: (J=compiled Java code, j=interpreted, Vv=VM code, C=native code)
V  [jvm.dll+0x67741a]
V  [jvm.dll+0x834434]
V  [jvm.dll+0x835bde]
V  [jvm.dll+0x836243]
V  [jvm.dll+0x2457b5]
V  [jvm.dll+0x674329]
V  [jvm.dll+0x6689da]
V  [jvm.dll+0x30489b]
V  [jvm.dll+0x30bd96]
V  [jvm.dll+0x35b57e]
V  [jvm.dll+0x35b7af]
V  [jvm.dll+0x2db778]
V  [jvm.dll+0x2dc6e4]
V  [jvm.dll+0x806131]
V  [jvm.dll+0x369331]
V  [jvm.dll+0x7e56ac]
V  [jvm.dll+0x3eb35f]
V  [jvm.dll+0x3ecea1]
C  [jli.dll+0x5267]
C  [ucrtbase.dll+0x21bb2]
C  [KERNEL32.DLL+0x17614]
C  [ntdll.dll+0x526a1]


---------------  P R O C E S S  ---------------

Threads class SMR info:
_java_thread_list=0x00007ff888d95fd8, length=0, elements={
}

Java Threads: ( => current thread )

Other Threads:
  0x00000282827450c0 GCTaskThread "GC Thread#0" [stack: 0x00000082eb300000,0x00000082eb400000] [id=8116]
  0x00000282827565f0 ConcurrentGCThread "G1 Main Marker" [stack: 0x00000082eb400000,0x00000082eb500000] [id=9688]
  0x0000028282757f20 ConcurrentGCThread "G1 Conc#0" [stack: 0x00000082eb500000,0x00000082eb600000] [id=16884]

[error occurred during error reporting (printing all threads), id 0xc0000005, EXCEPTION_ACCESS_VIOLATION (0xc0000005) at pc=0x00007ff88856c1e7]

VM state: not at safepoint (not fully initialized)

VM Mutex/Monitor currently owned by a thread:  ([mutex/lock_event])
[0x00000282826d22f0] Heap_lock - owner thread: 0x00000282826d8390

Heap address: 0x0000000700c00000, size: 4084 MB, Compressed Oops mode: Zero based, Oop shift amount: 3

CDS archive(s) mapped at: [0x0000000000000000-0x0000000000000000-0x0000000000000000), size 0, SharedBaseAddress: 0x0000000800000000, ArchiveRelocationMode: 0.
Narrow klass base: 0x0000000000000000, Narrow klass shift: 0, Narrow klass range: 0x0

GC Precious Log:
<Empty>

Heap:
 garbage-first heap   total 0K, used 0K [0x0000000700c00000, 0x0000000800000000)
  region size 2048K, 0 young (0K), 0 survivors (0K)

[error occurred during error reporting (printing heap information), id 0xc0000005, EXCEPTION_ACCESS_VIOLATION (0xc0000005) at pc=0x00007ff8889506f9]

GC Heap History (0 events):
No events

Dll operation events (1 events):
Event: 0.006 Loaded shared library C:\Users\Trev Dawg\Desktop\programming\BackEndFolderTree\STS\sts-4.18.0.RELEASE\plugins\org.eclipse.justj.openjdk.hotspot.jre.full.win32.x86_64_17.0.6.v20230204-1729\jre\bin\java.dll

Deoptimization events (0 events):
No events

Classes unloaded (0 events):
No events

Classes redefined (0 events):
No events

Internal exceptions (0 events):
No events

VM Operations (0 events):
No events

Events (0 events):
No events


Dynamic libraries:
0x00007ff6faa70000 - 0x00007ff6faa7e000 	C:\Users\Trev Dawg\Desktop\programming\BackEndFolderTree\STS\sts-4.18.0.RELEASE\plugins\org.eclipse.justj.openjdk.hotspot.jre.full.win32.x86_64_17.0.6.v20230204-1729\jre\bin\javaw.exe
0x00007ff9029f0000 - 0x00007ff902be8000 	C:\WINDOWS\SYSTEM32\ntdll.dll
0x00007ff9014b0000 - 0x00007ff90156f000 	C:\WINDOWS\System32\KERNEL32.DLL
0x00007ff9005a0000 - 0x00007ff900872000 	C:\WINDOWS\System32\KERNELBASE.dll
0x00007ff900230000 - 0x00007ff900330000 	C:\WINDOWS\System32\ucrtbase.dll
0x00007ff8ecd30000 - 0x00007ff8ecd47000 	C:\Users\Trev Dawg\Desktop\programming\BackEndFolderTree\STS\sts-4.18.0.RELEASE\plugins\org.eclipse.justj.openjdk.hotspot.jre.full.win32.x86_64_17.0.6.v20230204-1729\jre\bin\jli.dll
0x00007ff8d71f0000 - 0x00007ff8d7209000 	C:\Users\Trev Dawg\Desktop\programming\BackEndFolderTree\STS\sts-4.18.0.RELEASE\plugins\org.eclipse.justj.openjdk.hotspot.jre.full.win32.x86_64_17.0.6.v20230204-1729\jre\bin\VCRUNTIME140.dll
0x00007ff900b20000 - 0x00007ff900cc1000 	C:\WINDOWS\System32\USER32.dll
0x00007ff900920000 - 0x00007ff900942000 	C:\WINDOWS\System32\win32u.dll
0x00007ff8e8960000 - 0x00007ff8e8bfa000 	C:\WINDOWS\WinSxS\amd64_microsoft.windows.common-controls_6595b64144ccf1df_6.0.19041.1110_none_60b5254171f9507e\COMCTL32.dll
0x00007ff900e80000 - 0x00007ff900eab000 	C:\WINDOWS\System32\GDI32.dll
0x00007ff902620000 - 0x00007ff9026be000 	C:\WINDOWS\System32\msvcrt.dll
0x00007ff900490000 - 0x00007ff90059f000 	C:\WINDOWS\System32\gdi32full.dll
0x00007ff900880000 - 0x00007ff90091d000 	C:\WINDOWS\System32\msvcp_win.dll
0x00007ff900d50000 - 0x00007ff900d80000 	C:\WINDOWS\System32\IMM32.DLL
0x00007ff8f7130000 - 0x00007ff8f713c000 	C:\Users\Trev Dawg\Desktop\programming\BackEndFolderTree\STS\sts-4.18.0.RELEASE\plugins\org.eclipse.justj.openjdk.hotspot.jre.full.win32.x86_64_17.0.6.v20230204-1729\jre\bin\vcruntime140_1.dll
0x00007ff8d4660000 - 0x00007ff8d46f1000 	C:\Users\Trev Dawg\Desktop\programming\BackEndFolderTree\STS\sts-4.18.0.RELEASE\plugins\org.eclipse.justj.openjdk.hotspot.jre.full.win32.x86_64_17.0.6.v20230204-1729\jre\bin\msvcp140.dll
0x00007ff888280000 - 0x00007ff888ec7000 	C:\Users\Trev Dawg\Desktop\programming\BackEndFolderTree\STS\sts-4.18.0.RELEASE\plugins\org.eclipse.justj.openjdk.hotspot.jre.full.win32.x86_64_17.0.6.v20230204-1729\jre\bin\server\jvm.dll
0x00007ff902360000 - 0x00007ff90240e000 	C:\WINDOWS\System32\ADVAPI32.dll
0x00007ff900de0000 - 0x00007ff900e7c000 	C:\WINDOWS\System32\sechost.dll
0x00007ff902190000 - 0x00007ff9022b4000 	C:\WINDOWS\System32\RPCRT4.dll
0x00007ff8f67f0000 - 0x00007ff8f6817000 	C:\WINDOWS\SYSTEM32\WINMM.dll
0x00007ff8eb330000 - 0x00007ff8eb339000 	C:\WINDOWS\SYSTEM32\WSOCK32.dll
0x00007ff900cd0000 - 0x00007ff900d3b000 	C:\WINDOWS\System32\WS2_32.dll
0x00007ff8f9440000 - 0x00007ff8f944a000 	C:\WINDOWS\SYSTEM32\VERSION.dll
0x00007ff8fdf90000 - 0x00007ff8fdfa2000 	C:\WINDOWS\SYSTEM32\kernel.appcore.dll
0x00007ff8fbbd0000 - 0x00007ff8fbbda000 	C:\Users\Trev Dawg\Desktop\programming\BackEndFolderTree\STS\sts-4.18.0.RELEASE\plugins\org.eclipse.justj.openjdk.hotspot.jre.full.win32.x86_64_17.0.6.v20230204-1729\jre\bin\jimage.dll
0x00007ff8f8950000 - 0x00007ff8f8b34000 	C:\WINDOWS\SYSTEM32\DBGHELP.DLL
0x00007ff8ee8f0000 - 0x00007ff8ee925000 	C:\WINDOWS\SYSTEM32\dbgcore.DLL
0x00007ff9001a0000 - 0x00007ff900222000 	C:\WINDOWS\System32\bcryptPrimitives.dll
0x00007ff8dd460000 - 0x00007ff8dd485000 	C:\Users\Trev Dawg\Desktop\programming\BackEndFolderTree\STS\sts-4.18.0.RELEASE\plugins\org.eclipse.justj.openjdk.hotspot.jre.full.win32.x86_64_17.0.6.v20230204-1729\jre\bin\java.dll

dbghelp: loaded successfully - version: 4.0.5 - missing functions: none
symbol engine: initialized successfully - sym options: 0x614 - pdb path: .;C:\Users\Trev Dawg\Desktop\programming\BackEndFolderTree\STS\sts-4.18.0.RELEASE\plugins\org.eclipse.justj.openjdk.hotspot.jre.full.win32.x86_64_17.0.6.v20230204-1729\jre\bin;C:\WINDOWS\SYSTEM32;C:\WINDOWS\WinSxS\amd64_microsoft.windows.common-controls_6595b64144ccf1df_6.0.19041.1110_none_60b5254171f9507e;C:\Users\Trev Dawg\Desktop\programming\BackEndFolderTree\STS\sts-4.18.0.RELEASE\plugins\org.eclipse.justj.openjdk.hotspot.jre.full.win32.x86_64_17.0.6.v20230204-1729\jre\bin\server

VM Arguments:
jvm_args: -Dcom.sun.management.jmxremote -Dcom.sun.management.jmxremote.port=62986 -Dcom.sun.management.jmxremote.authenticate=false -Dcom.sun.management.jmxremote.ssl=false -Djava.rmi.server.hostname=localhost -Dspring.jmx.enabled=true -Dmanagement.endpoints.jmx.exposure.include=* -Dspring.application.admin.enabled=true -XX:TieredStopAtLevel=1 -Dspring.boot.project.name=jeep-sales -Dfile.encoding=UTF-8 -XX:+ShowCodeDetailsInExceptionMessages 
java_command: com.promineotech.jeep.JeepSales --spring.output.ansi.enabled=always
java_class_path (initial): C:\Users\Trev Dawg\Desktop\programming\BackEndFolderTree\STS\STSWorkspaces\springBootDevelopment\jeep-sales\target\classes;C:\Users\Trev Dawg\.m2\repository\org\springframework\boot\spring-boot-starter-web\2.6.10\spring-boot-starter-web-2.6.10.jar;C:\Users\Trev Dawg\.m2\repository\org\springframework\boot\spring-boot-starter\2.6.10\spring-boot-starter-2.6.10.jar;C:\Users\Trev Dawg\.m2\repository\org\springframework\boot\spring-boot-starter-logging\2.6.10\spring-boot-starter-logging-2.6.10.jar;C:\Users\Trev Dawg\.m2\repository\ch\qos\logback\logback-classic\1.2.11\logback-classic-1.2.11.jar;C:\Users\Trev Dawg\.m2\repository\ch\qos\logback\logback-core\1.2.11\logback-core-1.2.11.jar;C:\Users\Trev Dawg\.m2\repository\org\apache\logging\log4j\log4j-to-slf4j\2.17.2\log4j-to-slf4j-2.17.2.jar;C:\Users\Trev Dawg\.m2\repository\org\apache\logging\log4j\log4j-api\2.17.2\log4j-api-2.17.2.jar;C:\Users\Trev Dawg\.m2\repository\org\slf4j\jul-to-slf4j\1.7.36\jul-to-slf4j-1.7.36.jar;C:\Users\Trev Dawg\.m2\repository\jakarta\annotation\jakarta.annotation-api\1.3.5\jakarta.annotation-api-1.3.5.jar;C:\Users\Trev Dawg\.m2\repository\org\yaml\snakeyaml\1.29\snakeyaml-1.29.jar;C:\Users\Trev Dawg\.m2\repository\org\springframework\boot\spring-boot-starter-json\2.6.10\spring-boot-starter-json-2.6.10.jar;C:\Users\Trev Dawg\.m2\repository\com\fasterxml\jackson\core\jackson-databind\2.13.3\jackson-databind-2.13.3.jar;C:\Users\Trev Dawg\.m2\repository\com\fasterxml\jackson\core\jackson-annotations\2.13.3\jackson-annotations-2.13.3.jar;C:\Users\Trev Dawg\.m2\repository\com\fasterxml\jackson\datatype\jackson-datatype-jdk8\2.13.3\jackson-datatype-jdk8-2.13.3.jar;C:\Users\Trev Dawg\.m2\repository\com\fasterxml\jackson\datatype\jackson-datatype-jsr310\2.13.3\jackson-datatype-jsr310-2.13.3.jar;C:\Users\Trev Dawg\.m2\repository\com\fasterxml\jackson\module\jackson-module-parameter-names\2.13.3\jackson-module-parameter-names-2.13.3.jar;C:\Users\Trev Dawg\.m2\repository\org
Launcher Type: SUN_STANDARD

[Global flags]
     intx CICompilerCount                          = 12                                        {product} {ergonomic}
     uint ConcGCThreads                            = 3                                         {product} {ergonomic}
     uint G1ConcRefinementThreads                  = 13                                        {product} {ergonomic}
   size_t G1HeapRegionSize                         = 2097152                                   {product} {ergonomic}
    uintx GCDrainStackTargetSize                   = 64                                        {product} {ergonomic}
   size_t InitialHeapSize                          = 268435456                                 {product} {ergonomic}
     bool ManagementServer                         = true                                      {product} {command line}
   size_t MarkStackSize                            = 4194304                                   {product} {ergonomic}
   size_t MaxHeapSize                              = 4282384384                                {product} {ergonomic}
   size_t MinHeapDeltaBytes                        = 2097152                                   {product} {ergonomic}
   size_t MinHeapSize                              = 8388608                                   {product} {ergonomic}
    uintx NonProfiledCodeHeapSize                  = 0                                      {pd product} {ergonomic}
     bool ProfileInterpreter                       = false                                  {pd product} {command line}
    uintx ProfiledCodeHeapSize                     = 0                                      {pd product} {ergonomic}
     bool ShowCodeDetailsInExceptionMessages       = true                                   {manageable} {command line}
   size_t SoftMaxHeapSize                          = 4282384384                             {manageable} {ergonomic}
     intx TieredStopAtLevel                        = 1                                         {product} {command line}
     bool UseCompressedClassPointers               = true                           {product lp64_product} {ergonomic}
     bool UseCompressedOops                        = true                           {product lp64_product} {ergonomic}
     bool UseG1GC                                  = true                                      {product} {ergonomic}
     bool UseLargePagesIndividualAllocation        = false                                  {pd product} {ergonomic}

Logging:
Log output configuration:
 #0: stdout all=warning uptime,level,tags
 #1: stderr all=off uptime,level,tags

Environment Variables:
PATH=C:/Users/Trev Dawg/Desktop/programming/BackEndFolderTree/STS/sts-4.18.0.RELEASE//plugins/org.eclipse.justj.openjdk.hotspot.jre.full.win32.x86_64_17.0.6.v20230204-1729/jre/bin/server;C:/Users/Trev Dawg/Desktop/programming/BackEndFolderTree/STS/sts-4.18.0.RELEASE//plugins/org.eclipse.justj.openjdk.hotspot.jre.full.win32.x86_64_17.0.6.v20230204-1729/jre/bin;C:\Program Files (x86)\NVIDIA Corporation\PhysX\Common;C:\Program Files\Common Files\Oracle\Java\javapath;C:\Program Files (x86)\Common Files\Oracle\Java\javapath;C:\Windows\system32;C:\Windows;C:\Windows\System32\Wbem;C:\Windows\System32\WindowsPowerShell\v1.0\;C:\Windows\System32\OpenSSH\;C:\Program Files\Intel\WiFi\bin\;C:\Program Files\Common Files\Intel\WirelessCommon\;C:\Program Files\NVIDIA Corporation\NVIDIA NvDLISR;C:\WINDOWS\system32;C:\WINDOWS;C:\WINDOWS\System32\Wbem;C:\WINDOWS\System32\WindowsPowerShell\v1.0\;C:\WINDOWS\System32\OpenSSH\;C:\Program Files\Git\cmd;C:\Program Files (x86)\Vim\vim82;;C:\Program Files (x86)\Gpg4win\..\GnuPG\bin;C:\Program Files\Microsoft VS Code\bin;C:\Program Files\dotnet\;C:\Program Files (x86)\Bitvise SSH Client;C:\Program Files\Docker\Docker\resources\bin;C:\Users\Trev Dawg\AppData\Local\Programs\Python\Python38\Scripts\;C:\Users\Trev Dawg\AppData\Local\Programs\Python\Python38\;C:\Program Files\Intel\WiFi\bin\;C:\Program Files\Common Files\Intel\WirelessCommon\;%USERPROFILE%\AppData\Local\Microsoft\WindowsApps;;C:\Users\Trev Dawg\Desktop\programming\BackEndFolderTree\STS\sts-4.18.0.RELEASE;
USERNAME=Trev Dawg
OS=Windows_NT
PROCESSOR_IDENTIFIER=AMD64 Family 23 Model 8 Stepping 2, AuthenticAMD
TMP=C:\Users\TREVDA~1\AppData\Local\Temp
TEMP=C:\Users\TREVDA~1\AppData\Local\Temp



---------------  S Y S T E M  ---------------

OS:
 Windows 10 , 64 bit Build 19041 (10.0.19041.2546)
OS uptime: 5 days 21:15 hours
Hyper-V role detected

CPU: total 16 (initial active 16) (16 cores per cpu, 2 threads per core) family 23 model 8 stepping 2 microcode 0x0, cx8, cmov, fxsr, ht, mmx, 3dnowpref, sse, sse2, sse3, ssse3, sse4a, sse4.1, sse4.2, popcnt, lzcnt, tsc, tscinvbit, avx, avx2, aes, clmul, bmi1, bmi2, adx, sha, fma, vzeroupper, clflush, clflushopt, hv

Memory: 4k page, system-wide physical 16333M (5296M free)
TotalPageFile size 16333M (AvailPageFile size 122M)
current process WorkingSet (physical memory assigned to process): 10M, peak: 10M
current process commit charge ("private bytes"): 65M, peak: 321M

vm_info: OpenJDK 64-Bit Server VM (17.0.6+10) for windows-amd64 JRE (17.0.6+10), built on Jan 18 2023 10:08:59 by "temurin" with MS VC++ 16.7 (VS2019)

END.
